2025-07-24T14:20:44.538+05:30  INFO 7460 --- [LoginEx] [main] c.e.E.EmployeeSystemApplication          : Starting EmployeeSystemApplication using Java 17.0.12 with PID 7460 (D:\project files\office\EmployeeSystem\EmployeeSystem\target\classes started by AlenBaby in D:\project files\office\EmployeeSystem)
2025-07-24T14:20:44.547+05:30  INFO 7460 --- [LoginEx] [main] c.e.E.EmployeeSystemApplication          : No active profile set, falling back to 1 default profile: "default"
2025-07-24T14:20:45.792+05:30  INFO 7460 --- [LoginEx] [main] .s.d.r.c.RepositoryConfigurationDelegate : Bootstrapping Spring Data MongoDB repositories in DEFAULT mode.
2025-07-24T14:20:45.900+05:30  INFO 7460 --- [LoginEx] [main] .s.d.r.c.RepositoryConfigurationDelegate : Finished Spring Data repository scanning in 100 ms. Found 7 MongoDB repository interfaces.
2025-07-24T14:20:47.232+05:30  INFO 7460 --- [LoginEx] [main] o.s.b.w.embedded.tomcat.TomcatWebServer  : Tomcat initialized with port 8081 (http)
2025-07-24T14:20:47.260+05:30  INFO 7460 --- [LoginEx] [main] o.apache.catalina.core.StandardService   : Starting service [Tomcat]
2025-07-24T14:20:47.261+05:30  INFO 7460 --- [LoginEx] [main] o.apache.catalina.core.StandardEngine    : Starting Servlet engine: [Apache Tomcat/10.1.20]
2025-07-24T14:20:47.405+05:30  INFO 7460 --- [LoginEx] [main] o.a.c.c.C.[Tomcat].[localhost].[/]       : Initializing Spring embedded WebApplicationContext
2025-07-24T14:20:47.407+05:30  INFO 7460 --- [LoginEx] [main] w.s.c.ServletWebServerApplicationContext : Root WebApplicationContext: initialization completed in 2800 ms
2025-07-24T14:20:47.803+05:30  INFO 7460 --- [LoginEx] [main] org.mongodb.driver.client                : MongoClient with metadata {"application": {"name": "DemoCluster"}, "driver": {"name": "mongo-java-driver|sync|spring-boot", "version": "4.11.2"}, "os": {"type": "Windows", "name": "Windows 11", "architecture": "amd64", "version": "10.0"}, "platform": "Java/Oracle Corporation/17.0.12+8-LTS-286"} created with settings MongoClientSettings{readPreference=primary, writeConcern=WriteConcern{w=majority, wTimeout=null ms, journal=null}, retryWrites=true, retryReads=true, readConcern=ReadConcern{level=null}, credential=MongoCredential{mechanism=null, userName='root', source='admin', password=<hidden>, mechanismProperties=<hidden>}, transportSettings=null, streamFactoryFactory=null, commandListeners=[], codecRegistry=ProvidersCodecRegistry{codecProviders=[ValueCodecProvider{}, BsonValueCodecProvider{}, DBRefCodecProvider{}, DBObjectCodecProvider{}, DocumentCodecProvider{}, CollectionCodecProvider{}, IterableCodecProvider{}, MapCodecProvider{}, GeoJsonCodecProvider{}, GridFSFileCodecProvider{}, Jsr310CodecProvider{}, JsonObjectCodecProvider{}, BsonCodecProvider{}, EnumCodecProvider{}, com.mongodb.client.model.mql.ExpressionCodecProvider@5d5c41e5, com.mongodb.Jep395RecordCodecProvider@43245559, com.mongodb.KotlinCodecProvider@42e4e589]}, loggerSettings=LoggerSettings{maxDocumentLength=1000}, clusterSettings={hosts=[127.0.0.1:27017], srvHost=democluster.aiils16.mongodb.net, srvServiceName=mongodb, mode=MULTIPLE, requiredClusterType=REPLICA_SET, requiredReplicaSetName='atlas-14adut-shard-0', serverSelector='null', clusterListeners='[]', serverSelectionTimeout='30000 ms', localThreshold='15 ms'}, socketSettings=SocketSettings{connectTimeoutMS=10000, readTimeoutMS=0, receiveBufferSize=0, proxySettings=ProxySettings{host=null, port=null, username=null, password=null}}, heartbeatSocketSettings=SocketSettings{connectTimeoutMS=10000, readTimeoutMS=10000, receiveBufferSize=0, proxySettings=ProxySettings{host=null, port=null, username=null, password=null}}, connectionPoolSettings=ConnectionPoolSettings{maxSize=100, minSize=0, maxWaitTimeMS=120000, maxConnectionLifeTimeMS=0, maxConnectionIdleTimeMS=0, maintenanceInitialDelayMS=0, maintenanceFrequencyMS=60000, connectionPoolListeners=[], maxConnecting=2}, serverSettings=ServerSettings{heartbeatFrequencyMS=10000, minHeartbeatFrequencyMS=500, serverListeners='[]', serverMonitorListeners='[]'}, sslSettings=SslSettings{enabled=true, invalidHostNameAllowed=false, context=null}, applicationName='DemoCluster', compressorList=[], uuidRepresentation=JAVA_LEGACY, serverApi=null, autoEncryptionSettings=null, dnsClient=null, inetAddressResolver=null, contextProvider=null}
2025-07-24T14:20:48.253+05:30  INFO 7460 --- [LoginEx] [cluster-ClusterId{value='6881f3e77ae8583bfb0b083a', description='DemoCluster'}-srv-democluster.aiils16.mongodb.net] org.mongodb.driver.cluster               : Adding discovered server ac-msqssxc-shard-00-01.aiils16.mongodb.net:27017 to client view of cluster
2025-07-24T14:20:48.315+05:30  INFO 7460 --- [LoginEx] [cluster-ClusterId{value='6881f3e77ae8583bfb0b083a', description='DemoCluster'}-srv-democluster.aiils16.mongodb.net] org.mongodb.driver.cluster               : Adding discovered server ac-msqssxc-shard-00-02.aiils16.mongodb.net:27017 to client view of cluster
2025-07-24T14:20:48.321+05:30  INFO 7460 --- [LoginEx] [cluster-ClusterId{value='6881f3e77ae8583bfb0b083a', description='DemoCluster'}-srv-democluster.aiils16.mongodb.net] org.mongodb.driver.cluster               : Adding discovered server ac-msqssxc-shard-00-00.aiils16.mongodb.net:27017 to client view of cluster
2025-07-24T14:20:49.345+05:30  INFO 7460 --- [LoginEx] [cluster-ClusterId{value='6881f3e77ae8583bfb0b083a', description='DemoCluster'}-ac-msqssxc-shard-00-00.aiils16.mongodb.net:27017] org.mongodb.driver.cluster               : Monitor thread successfully connected to server with description ServerDescription{address=ac-msqssxc-shard-00-00.aiils16.mongodb.net:27017, type=REPLICA_SET_SECONDARY, state=CONNECTED, ok=true, minWireVersion=0, maxWireVersion=25, maxDocumentSize=16777216, logicalSessionTimeoutMinutes=30, roundTripTimeNanos=602390500, setName='atlas-14adut-shard-0', canonicalAddress=ac-msqssxc-shard-00-00.aiils16.mongodb.net:27017, hosts=[ac-msqssxc-shard-00-00.aiils16.mongodb.net:27017, ac-msqssxc-shard-00-01.aiils16.mongodb.net:27017, ac-msqssxc-shard-00-02.aiils16.mongodb.net:27017], passives=[], arbiters=[], primary='ac-msqssxc-shard-00-02.aiils16.mongodb.net:27017', tagSet=TagSet{[Tag{name='availabilityZone', value='aps1-az1'}, Tag{name='diskState', value='READY'}, Tag{name='nodeType', value='ELECTABLE'}, Tag{name='provider', value='AWS'}, Tag{name='region', value='AP_SOUTH_1'}, Tag{name='workloadType', value='OPERATIONAL'}]}, electionId=null, setVersion=223, topologyVersion=TopologyVersion{processId=687aaaf577e9aaf4f6293cf9, counter=4}, lastWriteDate=Thu Jul 24 14:20:48 IST 2025, lastUpdateTimeNanos=18449804538000}
2025-07-24T14:20:49.349+05:30  INFO 7460 --- [LoginEx] [cluster-ClusterId{value='6881f3e77ae8583bfb0b083a', description='DemoCluster'}-ac-msqssxc-shard-00-01.aiils16.mongodb.net:27017] org.mongodb.driver.cluster               : Monitor thread successfully connected to server with description ServerDescription{address=ac-msqssxc-shard-00-01.aiils16.mongodb.net:27017, type=REPLICA_SET_SECONDARY, state=CONNECTED, ok=true, minWireVersion=0, maxWireVersion=25, maxDocumentSize=16777216, logicalSessionTimeoutMinutes=30, roundTripTimeNanos=607120200, setName='atlas-14adut-shard-0', canonicalAddress=ac-msqssxc-shard-00-01.aiils16.mongodb.net:27017, hosts=[ac-msqssxc-shard-00-00.aiils16.mongodb.net:27017, ac-msqssxc-shard-00-01.aiils16.mongodb.net:27017, ac-msqssxc-shard-00-02.aiils16.mongodb.net:27017], passives=[], arbiters=[], primary='ac-msqssxc-shard-00-02.aiils16.mongodb.net:27017', tagSet=TagSet{[Tag{name='availabilityZone', value='aps1-az3'}, Tag{name='diskState', value='READY'}, Tag{name='nodeType', value='ELECTABLE'}, Tag{name='provider', value='AWS'}, Tag{name='region', value='AP_SOUTH_1'}, Tag{name='workloadType', value='OPERATIONAL'}]}, electionId=null, setVersion=223, topologyVersion=TopologyVersion{processId=687ab0ddee45707fbdb197fb, counter=3}, lastWriteDate=Thu Jul 24 14:20:48 IST 2025, lastUpdateTimeNanos=18449808636300}
2025-07-24T14:20:49.352+05:30  INFO 7460 --- [LoginEx] [cluster-ClusterId{value='6881f3e77ae8583bfb0b083a', description='DemoCluster'}-ac-msqssxc-shard-00-02.aiils16.mongodb.net:27017] org.mongodb.driver.cluster               : Monitor thread successfully connected to server with description ServerDescription{address=ac-msqssxc-shard-00-02.aiils16.mongodb.net:27017, type=REPLICA_SET_PRIMARY, state=CONNECTED, ok=true, minWireVersion=0, maxWireVersion=25, maxDocumentSize=16777216, logicalSessionTimeoutMinutes=30, roundTripTimeNanos=611075400, setName='atlas-14adut-shard-0', canonicalAddress=ac-msqssxc-shard-00-02.aiils16.mongodb.net:27017, hosts=[ac-msqssxc-shard-00-00.aiils16.mongodb.net:27017, ac-msqssxc-shard-00-01.aiils16.mongodb.net:27017, ac-msqssxc-shard-00-02.aiils16.mongodb.net:27017], passives=[], arbiters=[], primary='ac-msqssxc-shard-00-02.aiils16.mongodb.net:27017', tagSet=TagSet{[Tag{name='availabilityZone', value='aps1-az2'}, Tag{name='diskState', value='READY'}, Tag{name='nodeType', value='ELECTABLE'}, Tag{name='provider', value='AWS'}, Tag{name='region', value='AP_SOUTH_1'}, Tag{name='workloadType', value='OPERATIONAL'}]}, electionId=7fffffff00000000000000db, setVersion=223, topologyVersion=TopologyVersion{processId=687aae0b84bec8a56307ef8f, counter=6}, lastWriteDate=Thu Jul 24 14:20:48 IST 2025, lastUpdateTimeNanos=18449812243300}
2025-07-24T14:20:49.356+05:30  INFO 7460 --- [LoginEx] [cluster-ClusterId{value='6881f3e77ae8583bfb0b083a', description='DemoCluster'}-ac-msqssxc-shard-00-02.aiils16.mongodb.net:27017] org.mongodb.driver.cluster               : Discovered replica set primary ac-msqssxc-shard-00-02.aiils16.mongodb.net:27017 with max election id 7fffffff00000000000000db and max set version 223
2025-07-24T14:20:49.406+05:30  INFO 7460 --- [LoginEx] [main] org.quartz.impl.StdSchedulerFactory      : Using default implementation for ThreadExecutor
2025-07-24T14:20:49.424+05:30  INFO 7460 --- [LoginEx] [main] org.quartz.core.SchedulerSignalerImpl    : Initialized Scheduler Signaller of type: class org.quartz.core.SchedulerSignalerImpl
2025-07-24T14:20:49.424+05:30  INFO 7460 --- [LoginEx] [main] org.quartz.core.QuartzScheduler          : Quartz Scheduler v.2.3.2 created.
2025-07-24T14:20:49.429+05:30  INFO 7460 --- [LoginEx] [main] org.quartz.simpl.RAMJobStore             : RAMJobStore initialized.
2025-07-24T14:20:49.431+05:30  INFO 7460 --- [LoginEx] [main] org.quartz.core.QuartzScheduler          : Scheduler meta-data: Quartz Scheduler (v2.3.2) 'EmailScheduler' with instanceId 'NON_CLUSTERED'
  Scheduler class: 'org.quartz.core.QuartzScheduler' - running locally.
  NOT STARTED.
  Currently in standby mode.
  Number of jobs executed: 0
  Using thread pool 'org.quartz.simpl.SimpleThreadPool' - with 10 threads.
  Using job-store 'org.quartz.simpl.RAMJobStore' - which does not support persistence. and is not clustered.

2025-07-24T14:20:49.432+05:30  INFO 7460 --- [LoginEx] [main] org.quartz.impl.StdSchedulerFactory      : Quartz scheduler 'EmailScheduler' initialized from an externally provided properties instance.
2025-07-24T14:20:49.432+05:30  INFO 7460 --- [LoginEx] [main] org.quartz.impl.StdSchedulerFactory      : Quartz scheduler version: 2.3.2
2025-07-24T14:20:49.432+05:30  INFO 7460 --- [LoginEx] [main] org.quartz.core.QuartzScheduler          : JobFactory set to: org.springframework.scheduling.quartz.SpringBeanJobFactory@41e8d917
2025-07-24T14:20:50.309+05:30  INFO 7460 --- [LoginEx] [main] o.s.s.web.DefaultSecurityFilterChain     : Will secure any request with [org.springframework.security.web.session.DisableEncodeUrlFilter@73da7f08, org.springframework.security.web.context.request.async.WebAsyncManagerIntegrationFilter@717a8a76, org.springframework.security.web.context.SecurityContextHolderFilter@5d9bb69b, org.springframework.security.web.header.HeaderWriterFilter@204b0f07, org.springframework.web.filter.CorsFilter@62de73eb, org.springframework.security.web.authentication.logout.LogoutFilter@7ee64b53, org.springframework.security.oauth2.client.web.OAuth2AuthorizationRequestRedirectFilter@6c519e47, org.springframework.security.oauth2.client.web.OAuth2LoginAuthenticationFilter@1530d0f2, com.example.EmployeeSystem.JwtAuthenticationFilter@120df990, org.springframework.security.web.savedrequest.RequestCacheAwareFilter@9bf63d2, org.springframework.security.web.servletapi.SecurityContextHolderAwareRequestFilter@7ffcb232, org.springframework.security.web.authentication.AnonymousAuthenticationFilter@97b5e6a, org.springframework.security.web.access.ExceptionTranslationFilter@4a520f05, org.springframework.security.web.access.intercept.AuthorizationFilter@340c57e0]
2025-07-24T14:20:50.740+05:30  INFO 7460 --- [LoginEx] [main] o.s.b.w.embedded.tomcat.TomcatWebServer  : Tomcat started on port 8081 (http) with context path ''
2025-07-24T14:20:50.742+05:30  INFO 7460 --- [LoginEx] [main] o.s.s.quartz.SchedulerFactoryBean        : Starting Quartz Scheduler now
2025-07-24T14:20:50.742+05:30  INFO 7460 --- [LoginEx] [main] org.quartz.core.QuartzScheduler          : Scheduler EmailScheduler_$_NON_CLUSTERED started.
2025-07-24T14:20:50.762+05:30  INFO 7460 --- [LoginEx] [main] c.e.E.EmployeeSystemApplication          : Started EmployeeSystemApplication in 6.653 seconds (process running for 11.941)
2025-07-24T14:21:21.181+05:30  INFO 7460 --- [LoginEx] [http-nio-8081-exec-1] o.a.c.c.C.[Tomcat].[localhost].[/]       : Initializing Spring DispatcherServlet 'dispatcherServlet'
2025-07-24T14:21:21.182+05:30  INFO 7460 --- [LoginEx] [http-nio-8081-exec-1] o.s.web.servlet.DispatcherServlet        : Initializing Servlet 'dispatcherServlet'
2025-07-24T14:21:21.194+05:30  INFO 7460 --- [LoginEx] [http-nio-8081-exec-1] o.s.web.servlet.DispatcherServlet        : Completed initialization in 7 ms
2025-07-24T14:21:21.298+05:30 DEBUG 7460 --- [LoginEx] [http-nio-8081-exec-1] o.s.security.web.FilterChainProxy        : Securing GET /
2025-07-24T14:21:21.331+05:30 DEBUG 7460 --- [LoginEx] [http-nio-8081-exec-1] o.s.s.w.a.AnonymousAuthenticationFilter  : Set SecurityContextHolder to anonymous SecurityContext
2025-07-24T14:21:21.896+05:30  WARN 7460 --- [LoginEx] [http-nio-8081-exec-1] o.a.c.util.SessionIdGeneratorBase        : Creation of SecureRandom instance for session ID generation using [SHA1PRNG] took [532] milliseconds.
2025-07-24T14:21:21.904+05:30 DEBUG 7460 --- [LoginEx] [http-nio-8081-exec-1] o.s.s.w.s.HttpSessionRequestCache        : Saved request http://123.176.36.104:8081/?continue to session
2025-07-24T14:21:21.937+05:30 DEBUG 7460 --- [LoginEx] [http-nio-8081-exec-1] o.s.security.web.FilterChainProxy        : Securing GET /error
2025-07-24T14:21:21.939+05:30 DEBUG 7460 --- [LoginEx] [http-nio-8081-exec-1] o.s.security.web.FilterChainProxy        : Secured GET /error
2025-07-24T14:21:22.231+05:30 DEBUG 7460 --- [LoginEx] [http-nio-8081-exec-1] o.s.s.w.a.AnonymousAuthenticationFilter  : Set SecurityContextHolder to anonymous SecurityContext
2025-07-24T14:21:44.546+05:30 DEBUG 7460 --- [LoginEx] [http-nio-8081-exec-3] o.s.security.web.FilterChainProxy        : Securing GET /?format=json
2025-07-24T14:21:44.554+05:30 DEBUG 7460 --- [LoginEx] [http-nio-8081-exec-3] o.s.s.w.a.AnonymousAuthenticationFilter  : Set SecurityContextHolder to anonymous SecurityContext
2025-07-24T14:21:44.559+05:30 DEBUG 7460 --- [LoginEx] [http-nio-8081-exec-3] o.s.s.w.s.HttpSessionRequestCache        : Saved request http://api.ipify.org/?format=json&continue to session
2025-07-24T14:21:44.560+05:30 DEBUG 7460 --- [LoginEx] [http-nio-8081-exec-3] o.s.security.web.FilterChainProxy        : Securing GET /error?format=json
2025-07-24T14:21:44.561+05:30 DEBUG 7460 --- [LoginEx] [http-nio-8081-exec-3] o.s.security.web.FilterChainProxy        : Secured GET /error?format=json
2025-07-24T14:21:44.564+05:30 DEBUG 7460 --- [LoginEx] [http-nio-8081-exec-3] o.s.s.w.a.AnonymousAuthenticationFilter  : Set SecurityContextHolder to anonymous SecurityContext
2025-07-24T14:22:53.432+05:30 DEBUG 7460 --- [LoginEx] [http-nio-8081-exec-6] o.s.security.web.FilterChainProxy        : Securing GET /
2025-07-24T14:22:53.434+05:30 DEBUG 7460 --- [LoginEx] [http-nio-8081-exec-6] o.s.s.w.a.AnonymousAuthenticationFilter  : Set SecurityContextHolder to anonymous SecurityContext
2025-07-24T14:22:53.434+05:30 DEBUG 7460 --- [LoginEx] [http-nio-8081-exec-6] o.s.s.w.s.HttpSessionRequestCache        : Saved request http://123.176.36.104:8081/?continue to session
2025-07-24T14:22:53.435+05:30 DEBUG 7460 --- [LoginEx] [http-nio-8081-exec-6] o.s.security.web.FilterChainProxy        : Securing GET /error
2025-07-24T14:22:53.435+05:30 DEBUG 7460 --- [LoginEx] [http-nio-8081-exec-6] o.s.security.web.FilterChainProxy        : Secured GET /error
2025-07-24T14:22:53.437+05:30 DEBUG 7460 --- [LoginEx] [http-nio-8081-exec-6] o.s.s.w.a.AnonymousAuthenticationFilter  : Set SecurityContextHolder to anonymous SecurityContext
2025-07-24T14:23:21.763+05:30 DEBUG 7460 --- [LoginEx] [http-nio-8081-exec-7] o.s.security.web.FilterChainProxy        : Securing GET /oauth2/authorization/google
2025-07-24T14:23:21.777+05:30 DEBUG 7460 --- [LoginEx] [http-nio-8081-exec-7] o.s.s.web.DefaultRedirectStrategy        : Redirecting to https://accounts.google.com/o/oauth2/v2/auth?response_type=code&client_id=231480909550-8q3kltg3nn3khfmnsil5bmp98o2e9hgb.apps.googleusercontent.com&scope=profile%20email&state=nQ0j96-dr1-EEGzQKMHFxNSeMPaQczLTib66tlu9TcM%3D&redirect_uri=http://localhost:8081/login/oauth2/code/google
2025-07-24T14:23:22.192+05:30 DEBUG 7460 --- [LoginEx] [http-nio-8081-exec-8] o.s.security.web.FilterChainProxy        : Securing GET /login/oauth2/code/google?state=nQ0j96-dr1-EEGzQKMHFxNSeMPaQczLTib66tlu9TcM%3D&code=4%2F0AVMBsJgRvCsuia0WTjsuPanyTsznbUkQqhfojKLFQgWLk9pKb4ONbBY6fwPAW5i29kM0jA&scope=email+profile+https%3A%2F%2Fwww.googleapis.com%2Fauth%2Fuserinfo.email+https%3A%2F%2Fwww.googleapis.com%2Fauth%2Fuserinfo.profile+openid&authuser=0&prompt=none
2025-07-24T14:23:22.741+05:30 DEBUG 7460 --- [LoginEx] [http-nio-8081-exec-8] .s.ChangeSessionIdAuthenticationStrategy : Changed session id from CAA401D37EC7D69583296389EB373058
2025-07-24T14:23:22.742+05:30 DEBUG 7460 --- [LoginEx] [http-nio-8081-exec-8] w.c.HttpSessionSecurityContextRepository : Stored SecurityContextImpl [Authentication=OAuth2AuthenticationToken [Principal=Name: [109987010842154727731], Granted Authorities: [[OAUTH2_USER, SCOPE_https://www.googleapis.com/auth/userinfo.email, SCOPE_https://www.googleapis.com/auth/userinfo.profile, SCOPE_openid]], User Attributes: [{sub=109987010842154727731, name=Alen Baby, given_name=Alen, family_name=Baby, picture=https://lh3.googleusercontent.com/a/ACg8ocIr2hYN2VRw_pLp2tJSND-A-WrDFgZuaRsGqRc0zsudzxQxYA=s96-c, email=alen.baby@smartdocs.ai, email_verified=true}], Credentials=[PROTECTED], Authenticated=true, Details=WebAuthenticationDetails [RemoteIpAddress=0:0:0:0:0:0:0:1, SessionId=CAA401D37EC7D69583296389EB373058], Granted Authorities=[OAUTH2_USER, SCOPE_https://www.googleapis.com/auth/userinfo.email, SCOPE_https://www.googleapis.com/auth/userinfo.profile, SCOPE_openid]]] to HttpSession [org.apache.catalina.session.StandardSessionFacade@349dcd79]
2025-07-24T14:23:22.742+05:30 DEBUG 7460 --- [LoginEx] [http-nio-8081-exec-8] .s.o.c.w.OAuth2LoginAuthenticationFilter : Set SecurityContextHolder to OAuth2AuthenticationToken [Principal=Name: [109987010842154727731], Granted Authorities: [[OAUTH2_USER, SCOPE_https://www.googleapis.com/auth/userinfo.email, SCOPE_https://www.googleapis.com/auth/userinfo.profile, SCOPE_openid]], User Attributes: [{sub=109987010842154727731, name=Alen Baby, given_name=Alen, family_name=Baby, picture=https://lh3.googleusercontent.com/a/ACg8ocIr2hYN2VRw_pLp2tJSND-A-WrDFgZuaRsGqRc0zsudzxQxYA=s96-c, email=alen.baby@smartdocs.ai, email_verified=true}], Credentials=[PROTECTED], Authenticated=true, Details=WebAuthenticationDetails [RemoteIpAddress=0:0:0:0:0:0:0:1, SessionId=CAA401D37EC7D69583296389EB373058], Granted Authorities=[OAUTH2_USER, SCOPE_https://www.googleapis.com/auth/userinfo.email, SCOPE_https://www.googleapis.com/auth/userinfo.profile, SCOPE_openid]]
2025-07-24T14:23:22.744+05:30  INFO 7460 --- [LoginEx] [http-nio-8081-exec-8] c.e.E.Service.EmailSenderService         : mail sent to user alen.baby@smartdocs.ai
2025-07-24T14:23:24.656+05:30 DEBUG 7460 --- [LoginEx] [http-nio-8081-exec-9] o.s.security.web.FilterChainProxy        : Securing GET /oauth2/authorization/google
2025-07-24T14:23:24.657+05:30 DEBUG 7460 --- [LoginEx] [http-nio-8081-exec-9] o.s.s.web.DefaultRedirectStrategy        : Redirecting to https://accounts.google.com/o/oauth2/v2/auth?response_type=code&client_id=231480909550-8q3kltg3nn3khfmnsil5bmp98o2e9hgb.apps.googleusercontent.com&scope=profile%20email&state=Gq_AxK9C7_VWyxvBmVGolbIL6hUKKCQntkycNUNWy0U%3D&redirect_uri=http://localhost:8081/login/oauth2/code/google
2025-07-24T14:23:24.993+05:30 DEBUG 7460 --- [LoginEx] [http-nio-8081-exec-10] o.s.security.web.FilterChainProxy        : Securing GET /login/oauth2/code/google?state=Gq_AxK9C7_VWyxvBmVGolbIL6hUKKCQntkycNUNWy0U%3D&code=4%2F0AVMBsJiYC1oPg9K55UD9yn_FgknPv93e5b_J288NZtC78I3HuXPeq4rWs4-IVsp_tNJmkw&scope=email+profile+https%3A%2F%2Fwww.googleapis.com%2Fauth%2Fuserinfo.email+https%3A%2F%2Fwww.googleapis.com%2Fauth%2Fuserinfo.profile+openid&authuser=0&prompt=none
2025-07-24T14:23:25.190+05:30 DEBUG 7460 --- [LoginEx] [http-nio-8081-exec-10] .s.ChangeSessionIdAuthenticationStrategy : Changed session id from FF50BBBD346D25CB7F028A749899D611
2025-07-24T14:23:25.191+05:30 DEBUG 7460 --- [LoginEx] [http-nio-8081-exec-10] w.c.HttpSessionSecurityContextRepository : Stored SecurityContextImpl [Authentication=OAuth2AuthenticationToken [Principal=Name: [109987010842154727731], Granted Authorities: [[OAUTH2_USER, SCOPE_https://www.googleapis.com/auth/userinfo.email, SCOPE_https://www.googleapis.com/auth/userinfo.profile, SCOPE_openid]], User Attributes: [{sub=109987010842154727731, name=Alen Baby, given_name=Alen, family_name=Baby, picture=https://lh3.googleusercontent.com/a/ACg8ocIr2hYN2VRw_pLp2tJSND-A-WrDFgZuaRsGqRc0zsudzxQxYA=s96-c, email=alen.baby@smartdocs.ai, email_verified=true}], Credentials=[PROTECTED], Authenticated=true, Details=WebAuthenticationDetails [RemoteIpAddress=0:0:0:0:0:0:0:1, SessionId=FF50BBBD346D25CB7F028A749899D611], Granted Authorities=[OAUTH2_USER, SCOPE_https://www.googleapis.com/auth/userinfo.email, SCOPE_https://www.googleapis.com/auth/userinfo.profile, SCOPE_openid]]] to HttpSession [org.apache.catalina.session.StandardSessionFacade@438bb241]
2025-07-24T14:23:25.191+05:30 DEBUG 7460 --- [LoginEx] [http-nio-8081-exec-10] .s.o.c.w.OAuth2LoginAuthenticationFilter : Set SecurityContextHolder to OAuth2AuthenticationToken [Principal=Name: [109987010842154727731], Granted Authorities: [[OAUTH2_USER, SCOPE_https://www.googleapis.com/auth/userinfo.email, SCOPE_https://www.googleapis.com/auth/userinfo.profile, SCOPE_openid]], User Attributes: [{sub=109987010842154727731, name=Alen Baby, given_name=Alen, family_name=Baby, picture=https://lh3.googleusercontent.com/a/ACg8ocIr2hYN2VRw_pLp2tJSND-A-WrDFgZuaRsGqRc0zsudzxQxYA=s96-c, email=alen.baby@smartdocs.ai, email_verified=true}], Credentials=[PROTECTED], Authenticated=true, Details=WebAuthenticationDetails [RemoteIpAddress=0:0:0:0:0:0:0:1, SessionId=FF50BBBD346D25CB7F028A749899D611], Granted Authorities=[OAUTH2_USER, SCOPE_https://www.googleapis.com/auth/userinfo.email, SCOPE_https://www.googleapis.com/auth/userinfo.profile, SCOPE_openid]]
2025-07-24T14:23:25.191+05:30  INFO 7460 --- [LoginEx] [http-nio-8081-exec-10] c.e.E.Service.EmailSenderService         : mail sent to user alen.baby@smartdocs.ai
2025-07-24T14:23:26.456+05:30 DEBUG 7460 --- [LoginEx] [http-nio-8081-exec-1] o.s.security.web.FilterChainProxy        : Securing OPTIONS /manager/employees
2025-07-24T14:23:26.457+05:30 DEBUG 7460 --- [LoginEx] [http-nio-8081-exec-3] o.s.security.web.FilterChainProxy        : Securing OPTIONS /manager/Employees/taskincompletedcount
2025-07-24T14:23:26.457+05:30 DEBUG 7460 --- [LoginEx] [http-nio-8081-exec-4] o.s.security.web.FilterChainProxy        : Securing OPTIONS /manager/topemployees
2025-07-24T14:23:26.457+05:30 DEBUG 7460 --- [LoginEx] [http-nio-8081-exec-2] o.s.security.web.FilterChainProxy        : Securing OPTIONS /manager/Employees/taskcompletedcount
2025-07-24T14:23:26.463+05:30 DEBUG 7460 --- [LoginEx] [http-nio-8081-exec-7] o.s.security.web.FilterChainProxy        : Securing GET /manager/topemployees
2025-07-24T14:23:26.464+05:30 DEBUG 7460 --- [LoginEx] [http-nio-8081-exec-6] o.s.security.web.FilterChainProxy        : Securing GET /manager/Employees/taskcompletedcount
2025-07-24T14:23:26.464+05:30 DEBUG 7460 --- [LoginEx] [http-nio-8081-exec-5] o.s.security.web.FilterChainProxy        : Securing GET /manager/employees
2025-07-24T14:23:26.464+05:30 DEBUG 7460 --- [LoginEx] [http-nio-8081-exec-9] o.s.security.web.FilterChainProxy        : Securing GET /manager/Employees/taskincompletedcount
2025-07-24T14:23:26.559+05:30 DEBUG 7460 --- [LoginEx] [http-nio-8081-exec-7] o.s.security.web.FilterChainProxy        : Secured GET /manager/topemployees
2025-07-24T14:23:26.565+05:30 DEBUG 7460 --- [LoginEx] [http-nio-8081-exec-7] horizationManagerBeforeMethodInterceptor : Authorizing method invocation ReflectiveMethodInvocation: public java.util.List com.example.EmployeeSystem.Controller.ManagerController.getTopEmployees(); target is of class [com.example.EmployeeSystem.Controller.ManagerController]
2025-07-24T14:23:26.594+05:30 DEBUG 7460 --- [LoginEx] [http-nio-8081-exec-9] o.s.security.web.FilterChainProxy        : Secured GET /manager/Employees/taskincompletedcount
2025-07-24T14:23:26.595+05:30 DEBUG 7460 --- [LoginEx] [http-nio-8081-exec-9] horizationManagerBeforeMethodInterceptor : Authorizing method invocation ReflectiveMethodInvocation: public org.springframework.http.ResponseEntity com.example.EmployeeSystem.Controller.ManagerController.getInCompletedTaskCount(); target is of class [com.example.EmployeeSystem.Controller.ManagerController]
2025-07-24T14:23:26.621+05:30 DEBUG 7460 --- [LoginEx] [http-nio-8081-exec-7] horizationManagerBeforeMethodInterceptor : Authorized method invocation ReflectiveMethodInvocation: public java.util.List com.example.EmployeeSystem.Controller.ManagerController.getTopEmployees(); target is of class [com.example.EmployeeSystem.Controller.ManagerController]
2025-07-24T14:23:26.621+05:30 DEBUG 7460 --- [LoginEx] [http-nio-8081-exec-9] horizationManagerBeforeMethodInterceptor : Authorized method invocation ReflectiveMethodInvocation: public org.springframework.http.ResponseEntity com.example.EmployeeSystem.Controller.ManagerController.getInCompletedTaskCount(); target is of class [com.example.EmployeeSystem.Controller.ManagerController]
2025-07-24T14:23:26.829+05:30 DEBUG 7460 --- [LoginEx] [http-nio-8081-exec-5] o.s.security.web.FilterChainProxy        : Secured GET /manager/employees
2025-07-24T14:23:26.829+05:30 DEBUG 7460 --- [LoginEx] [http-nio-8081-exec-6] o.s.security.web.FilterChainProxy        : Secured GET /manager/Employees/taskcompletedcount
2025-07-24T14:23:26.829+05:30 DEBUG 7460 --- [LoginEx] [http-nio-8081-exec-5] horizationManagerBeforeMethodInterceptor : Authorizing method invocation ReflectiveMethodInvocation: public java.util.List com.example.EmployeeSystem.Controller.ManagerController.getAllEmployees(); target is of class [com.example.EmployeeSystem.Controller.ManagerController]
2025-07-24T14:23:26.829+05:30 DEBUG 7460 --- [LoginEx] [http-nio-8081-exec-6] horizationManagerBeforeMethodInterceptor : Authorizing method invocation ReflectiveMethodInvocation: public org.springframework.http.ResponseEntity com.example.EmployeeSystem.Controller.ManagerController.getCompletedTaskCount(); target is of class [com.example.EmployeeSystem.Controller.ManagerController]
2025-07-24T14:23:26.830+05:30 DEBUG 7460 --- [LoginEx] [http-nio-8081-exec-5] horizationManagerBeforeMethodInterceptor : Authorized method invocation ReflectiveMethodInvocation: public java.util.List com.example.EmployeeSystem.Controller.ManagerController.getAllEmployees(); target is of class [com.example.EmployeeSystem.Controller.ManagerController]
2025-07-24T14:23:26.830+05:30 DEBUG 7460 --- [LoginEx] [http-nio-8081-exec-6] horizationManagerBeforeMethodInterceptor : Authorized method invocation ReflectiveMethodInvocation: public org.springframework.http.ResponseEntity com.example.EmployeeSystem.Controller.ManagerController.getCompletedTaskCount(); target is of class [com.example.EmployeeSystem.Controller.ManagerController]
2025-07-24T14:23:49.346+05:30  INFO 7460 --- [LoginEx] [EmailScheduler_Worker-7] c.e.E.Service.WeeklyEmailScheduler       : Starting weekly notification job...
2025-07-24T14:23:49.382+05:30  INFO 7460 --- [LoginEx] [EmailScheduler_Worker-7] c.e.E.Service.EmailSenderService         : Weekly email sent to alen.baby@smartdocs.ai
2025-07-24T14:23:50.230+05:30  INFO 7460 --- [LoginEx] [EmailScheduler_Worker-7] c.e.E.Service.EmailSenderService         : Weekly email sent to admin@gmail.com
2025-07-24T14:23:51.160+05:30  INFO 7460 --- [LoginEx] [EmailScheduler_Worker-7] c.e.E.Service.EmailSenderService         : Weekly email sent to alenbaby12345@gmail.com
2025-07-24T14:23:52.095+05:30  INFO 7460 --- [LoginEx] [EmailScheduler_Worker-7] c.e.E.Service.EmailSenderService         : Weekly email sent to pokemon@gmail.com
2025-07-24T14:23:52.973+05:30  INFO 7460 --- [LoginEx] [EmailScheduler_Worker-7] c.e.E.Service.EmailSenderService         : Weekly email sent to administrator@smartdocs.ai
2025-07-24T14:23:54.037+05:30  INFO 7460 --- [LoginEx] [EmailScheduler_Worker-7] c.e.E.Service.EmailSenderService         : Weekly email sent to newuser@gmail.com
2025-07-24T14:23:55.050+05:30  INFO 7460 --- [LoginEx] [EmailScheduler_Worker-7] c.e.E.Service.EmailSenderService         : Weekly email sent to helloworld@gmail.com
2025-07-24T14:23:55.877+05:30  INFO 7460 --- [LoginEx] [EmailScheduler_Worker-7] c.e.E.Service.EmailSenderService         : Weekly email sent to alenbaby123@gmail.com
2025-07-24T14:23:56.781+05:30  INFO 7460 --- [LoginEx] [EmailScheduler_Worker-7] c.e.E.Service.EmailSenderService         : Weekly email sent to manager123@gmail.com
2025-07-24T14:23:57.729+05:30  INFO 7460 --- [LoginEx] [EmailScheduler_Worker-7] c.e.E.Service.EmailSenderService         : Weekly email sent to 
2025-07-24T14:23:57.730+05:30 ERROR 7460 --- [LoginEx] [EmailScheduler_Worker-7] org.quartz.core.JobRunShell              : Job DEFAULT.emailJob threw an unhandled Exception: 

com.example.EmployeeSystem.Exceptions.EmailException: email is not valid
	at com.example.EmployeeSystem.Service.EmailSenderService.sendCustomEmail(EmailSenderService.java:54) ~[classes/:na]
	at com.example.EmployeeSystem.Service.WeeklyEmailScheduler.execute(WeeklyEmailScheduler.java:40) ~[classes/:na]
	at org.quartz.core.JobRunShell.run(JobRunShell.java:202) ~[quartz-2.3.2.jar:na]
	at org.quartz.simpl.SimpleThreadPool$WorkerThread.run(SimpleThreadPool.java:573) ~[quartz-2.3.2.jar:na]

2025-07-24T14:23:57.736+05:30 ERROR 7460 --- [LoginEx] [EmailScheduler_Worker-7] org.quartz.core.ErrorLogger              : Job (DEFAULT.emailJob threw an exception.

org.quartz.SchedulerException: Job threw an unhandled exception.
	at org.quartz.core.JobRunShell.run(JobRunShell.java:213) ~[quartz-2.3.2.jar:na]
	at org.quartz.simpl.SimpleThreadPool$WorkerThread.run(SimpleThreadPool.java:573) ~[quartz-2.3.2.jar:na]
Caused by: com.example.EmployeeSystem.Exceptions.EmailException: email is not valid
	at com.example.EmployeeSystem.Service.EmailSenderService.sendCustomEmail(EmailSenderService.java:54) ~[classes/:na]
	at com.example.EmployeeSystem.Service.WeeklyEmailScheduler.execute(WeeklyEmailScheduler.java:40) ~[classes/:na]
	at org.quartz.core.JobRunShell.run(JobRunShell.java:202) ~[quartz-2.3.2.jar:na]
	... 1 common frames omitted

2025-07-24T14:24:06.380+05:30 DEBUG 7460 --- [LoginEx] [http-nio-8081-exec-8] o.s.security.web.FilterChainProxy        : Securing GET /manager/dsr/admin
2025-07-24T14:24:06.418+05:30 DEBUG 7460 --- [LoginEx] [http-nio-8081-exec-8] o.s.security.web.FilterChainProxy        : Secured GET /manager/dsr/admin
2025-07-24T14:24:06.430+05:30 DEBUG 7460 --- [LoginEx] [http-nio-8081-exec-8] horizationManagerBeforeMethodInterceptor : Authorizing method invocation ReflectiveMethodInvocation: public org.springframework.http.ResponseEntity com.example.EmployeeSystem.Controller.ManagerController.getUserDSR(java.lang.String); target is of class [com.example.EmployeeSystem.Controller.ManagerController]
2025-07-24T14:24:06.431+05:30 DEBUG 7460 --- [LoginEx] [http-nio-8081-exec-8] horizationManagerBeforeMethodInterceptor : Authorized method invocation ReflectiveMethodInvocation: public org.springframework.http.ResponseEntity com.example.EmployeeSystem.Controller.ManagerController.getUserDSR(java.lang.String); target is of class [com.example.EmployeeSystem.Controller.ManagerController]
2025-07-24T14:24:06.475+05:30  INFO 7460 --- [LoginEx] [http-nio-8081-exec-8] c.e.E.Controller.ManagerController       : dsr of admin is fetched
2025-07-24T14:24:34.613+05:30 DEBUG 7460 --- [LoginEx] [http-nio-8081-exec-6] o.s.security.web.FilterChainProxy        : Securing OPTIONS /manager/employees
2025-07-24T14:24:34.615+05:30 DEBUG 7460 --- [LoginEx] [http-nio-8081-exec-10] o.s.security.web.FilterChainProxy        : Securing OPTIONS /manager/topemployees
2025-07-24T14:24:34.615+05:30 DEBUG 7460 --- [LoginEx] [http-nio-8081-exec-5] o.s.security.web.FilterChainProxy        : Securing OPTIONS /manager/Employees/taskcompletedcount
2025-07-24T14:24:34.615+05:30 DEBUG 7460 --- [LoginEx] [http-nio-8081-exec-8] o.s.security.web.FilterChainProxy        : Securing OPTIONS /manager/Employees/taskincompletedcount
2025-07-24T14:24:34.621+05:30 DEBUG 7460 --- [LoginEx] [http-nio-8081-exec-4] o.s.security.web.FilterChainProxy        : Securing GET /manager/Employees/taskcompletedcount
2025-07-24T14:24:34.621+05:30 DEBUG 7460 --- [LoginEx] [http-nio-8081-exec-2] o.s.security.web.FilterChainProxy        : Securing GET /manager/Employees/taskincompletedcount
2025-07-24T14:24:34.621+05:30 DEBUG 7460 --- [LoginEx] [http-nio-8081-exec-1] o.s.security.web.FilterChainProxy        : Securing GET /manager/employees
2025-07-24T14:24:34.622+05:30 DEBUG 7460 --- [LoginEx] [http-nio-8081-exec-9] o.s.security.web.FilterChainProxy        : Securing GET /manager/topemployees
2025-07-24T14:24:34.660+05:30 DEBUG 7460 --- [LoginEx] [http-nio-8081-exec-1] o.s.security.web.FilterChainProxy        : Secured GET /manager/employees
2025-07-24T14:24:34.661+05:30 DEBUG 7460 --- [LoginEx] [http-nio-8081-exec-1] horizationManagerBeforeMethodInterceptor : Authorizing method invocation ReflectiveMethodInvocation: public java.util.List com.example.EmployeeSystem.Controller.ManagerController.getAllEmployees(); target is of class [com.example.EmployeeSystem.Controller.ManagerController]
2025-07-24T14:24:34.662+05:30 DEBUG 7460 --- [LoginEx] [http-nio-8081-exec-1] horizationManagerBeforeMethodInterceptor : Authorized method invocation ReflectiveMethodInvocation: public java.util.List com.example.EmployeeSystem.Controller.ManagerController.getAllEmployees(); target is of class [com.example.EmployeeSystem.Controller.ManagerController]
2025-07-24T14:24:34.664+05:30 DEBUG 7460 --- [LoginEx] [http-nio-8081-exec-4] o.s.security.web.FilterChainProxy        : Secured GET /manager/Employees/taskcompletedcount
2025-07-24T14:24:34.665+05:30 DEBUG 7460 --- [LoginEx] [http-nio-8081-exec-4] horizationManagerBeforeMethodInterceptor : Authorizing method invocation ReflectiveMethodInvocation: public org.springframework.http.ResponseEntity com.example.EmployeeSystem.Controller.ManagerController.getCompletedTaskCount(); target is of class [com.example.EmployeeSystem.Controller.ManagerController]
2025-07-24T14:24:34.665+05:30 DEBUG 7460 --- [LoginEx] [http-nio-8081-exec-4] horizationManagerBeforeMethodInterceptor : Authorized method invocation ReflectiveMethodInvocation: public org.springframework.http.ResponseEntity com.example.EmployeeSystem.Controller.ManagerController.getCompletedTaskCount(); target is of class [com.example.EmployeeSystem.Controller.ManagerController]
2025-07-24T14:24:34.667+05:30 DEBUG 7460 --- [LoginEx] [http-nio-8081-exec-2] o.s.security.web.FilterChainProxy        : Secured GET /manager/Employees/taskincompletedcount
2025-07-24T14:24:34.667+05:30 DEBUG 7460 --- [LoginEx] [http-nio-8081-exec-2] horizationManagerBeforeMethodInterceptor : Authorizing method invocation ReflectiveMethodInvocation: public org.springframework.http.ResponseEntity com.example.EmployeeSystem.Controller.ManagerController.getInCompletedTaskCount(); target is of class [com.example.EmployeeSystem.Controller.ManagerController]
2025-07-24T14:24:34.668+05:30 DEBUG 7460 --- [LoginEx] [http-nio-8081-exec-2] horizationManagerBeforeMethodInterceptor : Authorized method invocation ReflectiveMethodInvocation: public org.springframework.http.ResponseEntity com.example.EmployeeSystem.Controller.ManagerController.getInCompletedTaskCount(); target is of class [com.example.EmployeeSystem.Controller.ManagerController]
2025-07-24T14:24:34.874+05:30 DEBUG 7460 --- [LoginEx] [http-nio-8081-exec-9] o.s.security.web.FilterChainProxy        : Secured GET /manager/topemployees
2025-07-24T14:24:34.875+05:30 DEBUG 7460 --- [LoginEx] [http-nio-8081-exec-9] horizationManagerBeforeMethodInterceptor : Authorizing method invocation ReflectiveMethodInvocation: public java.util.List com.example.EmployeeSystem.Controller.ManagerController.getTopEmployees(); target is of class [com.example.EmployeeSystem.Controller.ManagerController]
2025-07-24T14:24:34.876+05:30 DEBUG 7460 --- [LoginEx] [http-nio-8081-exec-9] horizationManagerBeforeMethodInterceptor : Authorized method invocation ReflectiveMethodInvocation: public java.util.List com.example.EmployeeSystem.Controller.ManagerController.getTopEmployees(); target is of class [com.example.EmployeeSystem.Controller.ManagerController]
2025-07-24T14:25:29.879+05:30  INFO 7460 --- [LoginEx] [SpringApplicationShutdownHook] org.quartz.core.QuartzScheduler          : Scheduler EmailScheduler_$_NON_CLUSTERED paused.
2025-07-24T14:25:29.903+05:30  INFO 7460 --- [LoginEx] [SpringApplicationShutdownHook] o.s.s.quartz.SchedulerFactoryBean        : Shutting down Quartz Scheduler
2025-07-24T14:25:29.904+05:30  INFO 7460 --- [LoginEx] [SpringApplicationShutdownHook] org.quartz.core.QuartzScheduler          : Scheduler EmailScheduler_$_NON_CLUSTERED shutting down.
2025-07-24T14:25:29.904+05:30  INFO 7460 --- [LoginEx] [SpringApplicationShutdownHook] org.quartz.core.QuartzScheduler          : Scheduler EmailScheduler_$_NON_CLUSTERED paused.
2025-07-24T14:25:30.314+05:30  INFO 7460 --- [LoginEx] [SpringApplicationShutdownHook] org.quartz.core.QuartzScheduler          : Scheduler EmailScheduler_$_NON_CLUSTERED shutdown complete.
